       1	   8	       128	     0.019 GigaMultsPerSecond
       2	   8	       256	     0.043 GigaMultsPerSecond
       4	   8	       512	     0.089 GigaMultsPerSecond
       8	   8	      1024	     0.119 GigaMultsPerSecond
      16	   8	      2048	     0.341 GigaMultsPerSecond
      32	   8	      4096	     0.612 GigaMultsPerSecond
      64	   8	      8192	     1.134 GigaMultsPerSecond
     128	   8	     16384	     1.815 GigaMultsPerSecond
     256	   8	     32768	     2.480 GigaMultsPerSecond
     512	   8	     65536	     1.534 GigaMultsPerSecond
    1024	   8	    131072	     2.408 GigaMultsPerSecond
    2048	   8	    262144	     3.184 GigaMultsPerSecond
    4096	   8	    524288	     3.744 GigaMultsPerSecond
    8192	   8	   1048576	     4.001 GigaMultsPerSecond
       1	  16	        64	     0.022 GigaMultsPerSecond
       2	  16	       128	     0.045 GigaMultsPerSecond
       4	  16	       256	     0.090 GigaMultsPerSecond
       8	  16	       512	     0.179 GigaMultsPerSecond
      16	  16	      1024	     0.309 GigaMultsPerSecond
      32	  16	      2048	     0.607 GigaMultsPerSecond
      64	  16	      4096	     1.220 GigaMultsPerSecond
     128	  16	      8192	     2.187 GigaMultsPerSecond
     256	  16	     16384	     3.626 GigaMultsPerSecond
     512	  16	     32768	     1.959 GigaMultsPerSecond
    1024	  16	     65536	     3.217 GigaMultsPerSecond
    2048	  16	    131072	     4.790 GigaMultsPerSecond
    4096	  16	    262144	     6.092 GigaMultsPerSecond
    8192	  16	    524288	     6.974 GigaMultsPerSecond
       1	  32	        32	     0.023 GigaMultsPerSecond
       2	  32	        64	     0.045 GigaMultsPerSecond
       4	  32	       128	     0.091 GigaMultsPerSecond
       8	  32	       256	     0.143 GigaMultsPerSecond
      16	  32	       512	     0.362 GigaMultsPerSecond
      32	  32	      1024	     0.676 GigaMultsPerSecond
      64	  32	      2048	     1.353 GigaMultsPerSecond
     128	  32	      4096	     2.424 GigaMultsPerSecond
     256	  32	      8192	     4.492 GigaMultsPerSecond
     512	  32	     16384	     2.172 GigaMultsPerSecond
    1024	  32	     32768	     3.910 GigaMultsPerSecond
    2048	  32	     65536	     6.276 GigaMultsPerSecond
    4096	  32	    131072	     8.857 GigaMultsPerSecond
    8192	  32	    262144	    10.278 GigaMultsPerSecond
       1	  64	        16	     0.020 GigaMultsPerSecond
       2	  64	        32	     0.041 GigaMultsPerSecond
       4	  64	        64	     0.088 GigaMultsPerSecond
       8	  64	       128	     0.152 GigaMultsPerSecond
      16	  64	       256	     0.360 GigaMultsPerSecond
      32	  64	       512	     0.718 GigaMultsPerSecond
      64	  64	      1024	     1.357 GigaMultsPerSecond
     128	  64	      2048	     2.565 GigaMultsPerSecond
     256	  64	      4096	     4.997 GigaMultsPerSecond
     512	  64	      8192	     2.222 GigaMultsPerSecond
    1024	  64	     16384	     3.793 GigaMultsPerSecond
    2048	  64	     32768	     7.308 GigaMultsPerSecond
    4096	  64	     65536	    10.394 GigaMultsPerSecond
    8192	  64	    131072	    15.201 GigaMultsPerSecond
       1	 128	         8	     0.022 GigaMultsPerSecond
       2	 128	        16	     0.041 GigaMultsPerSecond
       4	 128	        32	     0.078 GigaMultsPerSecond
       8	 128	        64	     0.182 GigaMultsPerSecond
      16	 128	       128	     0.365 GigaMultsPerSecond
      32	 128	       256	     0.693 GigaMultsPerSecond
      64	 128	       512	     1.392 GigaMultsPerSecond
     128	 128	      1024	     2.724 GigaMultsPerSecond
     256	 128	      2048	     5.279 GigaMultsPerSecond
     512	 128	      4096	     2.270 GigaMultsPerSecond
    1024	 128	      8192	     3.876 GigaMultsPerSecond
    2048	 128	     16384	     7.890 GigaMultsPerSecond
    4096	 128	     32768	    11.929 GigaMultsPerSecond
    8192	 128	     65536	    16.498 GigaMultsPerSecond
       1	 256	         4	     0.018 GigaMultsPerSecond
       2	 256	         8	     0.045 GigaMultsPerSecond
       4	 256	        16	     0.090 GigaMultsPerSecond
       8	 256	        32	     0.183 GigaMultsPerSecond
      16	 256	        64	     0.306 GigaMultsPerSecond
      32	 256	       128	     0.650 GigaMultsPerSecond
      64	 256	       256	     1.447 GigaMultsPerSecond
     128	 256	       512	     2.263 GigaMultsPerSecond
     256	 256	      1024	     5.523 GigaMultsPerSecond
     512	 256	      2048	     2.129 GigaMultsPerSecond
    1024	 256	      4096	     5.105 GigaMultsPerSecond
    2048	 256	      8192	     8.891 GigaMultsPerSecond
    4096	 256	     16384	    11.433 GigaMultsPerSecond
    8192	 256	     32768	    17.626 GigaMultsPerSecond
       1	 512	         2	     0.021 GigaMultsPerSecond
       2	 512	         4	     0.036 GigaMultsPerSecond
       4	 512	         8	     0.092 GigaMultsPerSecond
       8	 512	        16	     0.177 GigaMultsPerSecond
      16	 512	        32	     0.367 GigaMultsPerSecond
      32	 512	        64	     0.693 GigaMultsPerSecond
      64	 512	       128	     1.413 GigaMultsPerSecond
     128	 512	       256	     2.386 GigaMultsPerSecond
     256	 512	       512	     5.303 GigaMultsPerSecond
     512	 512	      1024	     2.739 GigaMultsPerSecond
    1024	 512	      2048	     4.122 GigaMultsPerSecond
    2048	 512	      4096	     8.938 GigaMultsPerSecond
    4096	 512	      8192	    14.021 GigaMultsPerSecond
    8192	 512	     16384	    18.244 GigaMultsPerSecond
