       1	   8	       128	     0.020 GigaMultsPerSecond
       2	   8	       256	     0.045 GigaMultsPerSecond
       4	   8	       512	     0.086 GigaMultsPerSecond
       8	   8	      1024	     0.170 GigaMultsPerSecond
      16	   8	      2048	     0.339 GigaMultsPerSecond
      32	   8	      4096	     0.630 GigaMultsPerSecond
      64	   8	      8192	     1.034 GigaMultsPerSecond
     128	   8	     16384	     1.671 GigaMultsPerSecond
     256	   8	     32768	     2.487 GigaMultsPerSecond
     512	   8	     65536	     1.611 GigaMultsPerSecond
    1024	   8	    131072	     2.191 GigaMultsPerSecond
    2048	   8	    262144	     3.186 GigaMultsPerSecond
    4096	   8	    524288	     3.770 GigaMultsPerSecond
    8192	   8	   1048576	     4.068 GigaMultsPerSecond
       1	  16	        64	     0.022 GigaMultsPerSecond
       2	  16	       128	     0.045 GigaMultsPerSecond
       4	  16	       256	     0.088 GigaMultsPerSecond
       8	  16	       512	     0.171 GigaMultsPerSecond
      16	  16	      1024	     0.316 GigaMultsPerSecond
      32	  16	      2048	     0.688 GigaMultsPerSecond
      64	  16	      4096	     1.221 GigaMultsPerSecond
     128	  16	      8192	     2.030 GigaMultsPerSecond
     256	  16	     16384	     3.638 GigaMultsPerSecond
     512	  16	     32768	     1.760 GigaMultsPerSecond
    1024	  16	     65536	     3.173 GigaMultsPerSecond
    2048	  16	    131072	     4.746 GigaMultsPerSecond
    4096	  16	    262144	     6.147 GigaMultsPerSecond
    8192	  16	    524288	     6.851 GigaMultsPerSecond
       1	  32	        32	     0.023 GigaMultsPerSecond
       2	  32	        64	     0.046 GigaMultsPerSecond
       4	  32	       128	     0.090 GigaMultsPerSecond
       8	  32	       256	     0.179 GigaMultsPerSecond
      16	  32	       512	     0.359 GigaMultsPerSecond
      32	  32	      1024	     0.691 GigaMultsPerSecond
      64	  32	      2048	     1.315 GigaMultsPerSecond
     128	  32	      4096	     2.495 GigaMultsPerSecond
     256	  32	      8192	     4.359 GigaMultsPerSecond
     512	  32	     16384	     2.081 GigaMultsPerSecond
    1024	  32	     32768	     3.525 GigaMultsPerSecond
    2048	  32	     65536	     6.318 GigaMultsPerSecond
    4096	  32	    131072	     8.986 GigaMultsPerSecond
    8192	  32	    262144	    11.018 GigaMultsPerSecond
       1	  64	        16	     0.023 GigaMultsPerSecond
       2	  64	        32	     0.040 GigaMultsPerSecond
       4	  64	        64	     0.092 GigaMultsPerSecond
       8	  64	       128	     0.178 GigaMultsPerSecond
      16	  64	       256	     0.315 GigaMultsPerSecond
      32	  64	       512	     0.701 GigaMultsPerSecond
      64	  64	      1024	     1.380 GigaMultsPerSecond
     128	  64	      2048	     2.434 GigaMultsPerSecond
     256	  64	      4096	     4.994 GigaMultsPerSecond
     512	  64	      8192	     2.276 GigaMultsPerSecond
    1024	  64	     16384	     4.151 GigaMultsPerSecond
    2048	  64	     32768	     7.563 GigaMultsPerSecond
    4096	  64	     65536	    11.631 GigaMultsPerSecond
    8192	  64	    131072	    15.481 GigaMultsPerSecond
       1	 128	         8	     0.022 GigaMultsPerSecond
       2	 128	        16	     0.035 GigaMultsPerSecond
       4	 128	        32	     0.090 GigaMultsPerSecond
       8	 128	        64	     0.179 GigaMultsPerSecond
      16	 128	       128	     0.363 GigaMultsPerSecond
      32	 128	       256	     0.698 GigaMultsPerSecond
      64	 128	       512	     1.408 GigaMultsPerSecond
     128	 128	      1024	     2.736 GigaMultsPerSecond
     256	 128	      2048	     5.478 GigaMultsPerSecond
     512	 128	      4096	     2.343 GigaMultsPerSecond
    1024	 128	      8192	     4.358 GigaMultsPerSecond
    2048	 128	     16384	     8.195 GigaMultsPerSecond
    4096	 128	     32768	    13.067 GigaMultsPerSecond
    8192	 128	     65536	    17.954 GigaMultsPerSecond
       1	 256	         4	     0.023 GigaMultsPerSecond
       2	 256	         8	     0.044 GigaMultsPerSecond
       4	 256	        16	     0.080 GigaMultsPerSecond
       8	 256	        32	     0.176 GigaMultsPerSecond
      16	 256	        64	     0.363 GigaMultsPerSecond
      32	 256	       128	     0.722 GigaMultsPerSecond
      64	 256	       256	     1.397 GigaMultsPerSecond
     128	 256	       512	     2.843 GigaMultsPerSecond
     256	 256	      1024	     5.460 GigaMultsPerSecond
     512	 256	      2048	     2.304 GigaMultsPerSecond
    1024	 256	      4096	     4.345 GigaMultsPerSecond
    2048	 256	      8192	     7.819 GigaMultsPerSecond
    4096	 256	     16384	    13.375 GigaMultsPerSecond
    8192	 256	     32768	    18.015 GigaMultsPerSecond
       1	 512	         2	     0.022 GigaMultsPerSecond
       2	 512	         4	     0.046 GigaMultsPerSecond
       4	 512	         8	     0.089 GigaMultsPerSecond
       8	 512	        16	     0.162 GigaMultsPerSecond
      16	 512	        32	     0.350 GigaMultsPerSecond
      32	 512	        64	     0.729 GigaMultsPerSecond
      64	 512	       128	     1.445 GigaMultsPerSecond
     128	 512	       256	     2.851 GigaMultsPerSecond
     256	 512	       512	     5.472 GigaMultsPerSecond
     512	 512	      1024	     2.038 GigaMultsPerSecond
    1024	 512	      2048	     4.313 GigaMultsPerSecond
    2048	 512	      4096	     7.269 GigaMultsPerSecond
    4096	 512	      8192	    13.442 GigaMultsPerSecond
    8192	 512	     16384	    18.802 GigaMultsPerSecond
