       1	   8	       128	     0.019 GigaMultsPerSecond
       2	   8	       256	     0.042 GigaMultsPerSecond
       4	   8	       512	     0.087 GigaMultsPerSecond
       8	   8	      1024	     0.172 GigaMultsPerSecond
      16	   8	      2048	     0.330 GigaMultsPerSecond
      32	   8	      4096	     0.505 GigaMultsPerSecond
      64	   8	      8192	     1.054 GigaMultsPerSecond
     128	   8	     16384	     1.634 GigaMultsPerSecond
     256	   8	     32768	     1.039 GigaMultsPerSecond
     512	   8	     65536	     1.755 GigaMultsPerSecond
    1024	   8	    131072	     2.560 GigaMultsPerSecond
    2048	   8	    262144	     3.014 GigaMultsPerSecond
    4096	   8	    524288	     3.877 GigaMultsPerSecond
    8192	   8	   1048576	     4.250 GigaMultsPerSecond
       1	  16	        64	     0.021 GigaMultsPerSecond
       2	  16	       128	     0.035 GigaMultsPerSecond
       4	  16	       256	     0.082 GigaMultsPerSecond
       8	  16	       512	     0.168 GigaMultsPerSecond
      16	  16	      1024	     0.316 GigaMultsPerSecond
      32	  16	      2048	     0.618 GigaMultsPerSecond
      64	  16	      4096	     1.019 GigaMultsPerSecond
     128	  16	      8192	     2.134 GigaMultsPerSecond
     256	  16	     16384	     1.048 GigaMultsPerSecond
     512	  16	     32768	     1.812 GigaMultsPerSecond
    1024	  16	     65536	     3.335 GigaMultsPerSecond
    2048	  16	    131072	     4.962 GigaMultsPerSecond
    4096	  16	    262144	     6.443 GigaMultsPerSecond
    8192	  16	    524288	     7.564 GigaMultsPerSecond
       1	  32	        32	     0.021 GigaMultsPerSecond
       2	  32	        64	     0.043 GigaMultsPerSecond
       4	  32	       128	     0.086 GigaMultsPerSecond
       8	  32	       256	     0.159 GigaMultsPerSecond
      16	  32	       512	     0.349 GigaMultsPerSecond
      32	  32	      1024	     0.593 GigaMultsPerSecond
      64	  32	      2048	     1.298 GigaMultsPerSecond
     128	  32	      4096	     2.352 GigaMultsPerSecond
     256	  32	      8192	     1.169 GigaMultsPerSecond
     512	  32	     16384	     2.237 GigaMultsPerSecond
    1024	  32	     32768	     4.135 GigaMultsPerSecond
    2048	  32	     65536	     6.669 GigaMultsPerSecond
    4096	  32	    131072	     9.670 GigaMultsPerSecond
    8192	  32	    262144	    12.374 GigaMultsPerSecond
       1	  64	        16	     0.021 GigaMultsPerSecond
       2	  64	        32	     0.042 GigaMultsPerSecond
       4	  64	        64	     0.082 GigaMultsPerSecond
       8	  64	       128	     0.165 GigaMultsPerSecond
      16	  64	       256	     0.341 GigaMultsPerSecond
      32	  64	       512	     0.665 GigaMultsPerSecond
      64	  64	      1024	     1.283 GigaMultsPerSecond
     128	  64	      2048	     2.546 GigaMultsPerSecond
     256	  64	      4096	     1.260 GigaMultsPerSecond
     512	  64	      8192	     2.437 GigaMultsPerSecond
    1024	  64	     16384	     4.557 GigaMultsPerSecond
    2048	  64	     32768	     7.766 GigaMultsPerSecond
    4096	  64	     65536	    12.853 GigaMultsPerSecond
    8192	  64	    131072	    17.725 GigaMultsPerSecond
       1	 128	         8	     0.022 GigaMultsPerSecond
       2	 128	        16	     0.043 GigaMultsPerSecond
       4	 128	        32	     0.085 GigaMultsPerSecond
       8	 128	        64	     0.155 GigaMultsPerSecond
      16	 128	       128	     0.344 GigaMultsPerSecond
      32	 128	       256	     0.672 GigaMultsPerSecond
      64	 128	       512	     1.318 GigaMultsPerSecond
     128	 128	      1024	     2.687 GigaMultsPerSecond
     256	 128	      2048	     1.269 GigaMultsPerSecond
     512	 128	      4096	     2.543 GigaMultsPerSecond
    1024	 128	      8192	     4.253 GigaMultsPerSecond
    2048	 128	     16384	     9.027 GigaMultsPerSecond
    4096	 128	     32768	    15.355 GigaMultsPerSecond
    8192	 128	     65536	    22.884 GigaMultsPerSecond
       1	 256	         4	     0.021 GigaMultsPerSecond
       2	 256	         8	     0.043 GigaMultsPerSecond
       4	 256	        16	     0.086 GigaMultsPerSecond
       8	 256	        32	     0.173 GigaMultsPerSecond
      16	 256	        64	     0.344 GigaMultsPerSecond
      32	 256	       128	     0.682 GigaMultsPerSecond
      64	 256	       256	     1.198 GigaMultsPerSecond
     128	 256	       512	     2.743 GigaMultsPerSecond
     256	 256	      1024	     1.292 GigaMultsPerSecond
     512	 256	      2048	     2.184 GigaMultsPerSecond
    1024	 256	      4096	     4.611 GigaMultsPerSecond
    2048	 256	      8192	     8.603 GigaMultsPerSecond
    4096	 256	     16384	    13.905 GigaMultsPerSecond
    8192	 256	     32768	    22.937 GigaMultsPerSecond
       1	 512	         2	     0.022 GigaMultsPerSecond
       2	 512	         4	     0.039 GigaMultsPerSecond
       4	 512	         8	     0.084 GigaMultsPerSecond
       8	 512	        16	     0.178 GigaMultsPerSecond
      16	 512	        32	     0.300 GigaMultsPerSecond
      32	 512	        64	     0.678 GigaMultsPerSecond
      64	 512	       128	     1.304 GigaMultsPerSecond
     128	 512	       256	     2.219 GigaMultsPerSecond
     256	 512	       512	     1.272 GigaMultsPerSecond
     512	 512	      1024	     2.191 GigaMultsPerSecond
    1024	 512	      2048	     4.617 GigaMultsPerSecond
    2048	 512	      4096	     7.713 GigaMultsPerSecond
    4096	 512	      8192	    14.525 GigaMultsPerSecond
    8192	 512	     16384	    21.641 GigaMultsPerSecond
